Arguments: 
  /home/brenda/.nvm/versions/node/v12.16.1/bin/node /home/brenda/.nvm/versions/node/v12.16.1/bin/yarn

PATH: 
  /home/brenda/.nvm/versions/node/v12.16.1/bin:/home/brenda/.zinit/polaris/sbin:/home/brenda/.zinit/polaris/bin:/home/brenda/.zinit/polaris/usr/sbin:/home/brenda/.zinit/polaris/usr/bin:/usr/local/sbin:/usr/local/bin:/usr/sbin:/usr/bin:/sbin:/bin:/usr/games:/usr/local/games:/snap/bin

Yarn version: 
  1.22.4

Node version: 
  12.16.1

Platform: 
  linux x64

Trace: 
  Error: getaddrinfo EAI_AGAIN registry.yarnpkg.com
      at GetAddrInfoReqWrap.onlookup [as oncomplete] (dns.js:64:26)

npm manifest: 
  {
    "name": "api",
    "version": "1.0.0",
    "main": "index.js",
    "author": "Brenda Profiro <brendaprofiro@gmail.com>",
    "license": "MIT",
    "scripts": {
      "dev:server": "ts-node-dev src/server.ts"
    },
    "dependencies": {
      "bcryptjs": "^2.4.3",
      "cors": "^2.8.5",
      "express": "^4.17.1",
      "jsonwebtoken": "^8.5.1",
      "uuid": "^8.3.1",
      "uuidv4": "^6.2.4"
    },
    "devDependencies": {
      "@types/bcryptjs": "^2.4.2",
      "@types/cors": "^2.8.8",
      "@types/express": "^4.17.8",
      "@types/jsonwebtoken": "^8.5.0",
      "@typescript-eslint/eslint-plugin": "^4.6.0",
      "@typescript-eslint/parser": "^4.6.0",
      "eslint": "^6.8.0",
      "eslint-config-airbnb-base": "^14.2.0",
      "eslint-config-prettier": "^6.14.0",
      "eslint-import-resolver-typescript": "^2.3.0",
      "eslint-plugin-import": "^2.21.2",
      "eslint-plugin-prettier": "^3.1.4",
      "prettier": "^2.1.2",
      "ts-node-dev": "^1.0.0",
      "typescript": "^4.0.5"
    }
  }

yarn manifest: 
  No manifest

Lockfile: 
  No lockfile
